  Edge.cpp
  Triangle.cpp
  Utils.cpp
Utils.cpp(406): warning C4477: 'printf' : format string '%d' requires an argument of type 'int', but variadic argument 1 has type 'unsigned __int64'
  Utils.cpp(406): note: consider using '%zd' in the format string
  Vector.cpp
  Vertex.cpp
  main.cpp
main.cpp(14): warning C4244: 'argument': conversion from 'time_t' to 'unsigned int', possible loss of data
main.cpp(43): warning C4244: 'argument': conversion from 'double' to 'float', possible loss of data
main.cpp(109): warning C4244: 'argument': conversion from 'double' to 'float', possible loss of data
main.cpp(115): warning C4244: 'argument': conversion from 'double' to 'float', possible loss of data
main.cpp(121): warning C4244: 'argument': conversion from 'double' to 'float', possible loss of data
main.cpp(127): warning C4244: 'argument': conversion from 'double' to 'float', possible loss of data
main.cpp(153): warning C4244: 'argument': conversion from '::size_t' to 'float', possible loss of data
main.cpp(16): warning C4477: 'printf' : format string '%d' requires an argument of type 'int', but variadic argument 1 has type 'time_t'
  main.cpp(16): note: consider using '%lld' in the format string
  main.cpp(16): note: consider using '%Id' in the format string
  main.cpp(16): note: consider using '%I64d' in the format string
  Generating code
  14 of 382 functions ( 3.7%) were compiled, the rest were copied from previous compilation.
    0 functions were new in current compilation
    0 functions had inline decision re-evaluated but remain unchanged
  Finished generating code
  SFML_delaunay.vcxproj -> C:\Users\paran\documents\visual studio 2017\Projects\SFML_delaunay\x64\Release\SFML_delaunay.exe
